<?xml version="1.0" encoding="UTF-8"?>
<!-- Generated by org.testng.reporters.JUnitReportReporter -->
<testsuite hostname="localhost" failures="0" tests="2" name="org.testing.gacha.HelloWorldTest" time="0.000" errors="0" timestamp="22 4æœˆ 2020 08:39:56 GMT" skipped="0">
  <testcase classname="org.testing.gacha.Case.login" name="testCase2" time="0.000"/>
  <testcase classname="org.testing.gacha.Case.other" name="testCase3" time="0.000"/>
</testsuite> <!-- org.testing.gacha.HelloWorldTest -->
