<?xml version="1.0" encoding="UTF-8"?>
<!-- Generated by org.testng.reporters.JUnitReportReporter -->
<testsuite hostname="localhost" failures="0" tests="1" name="org.testing.gacha.TC2" time="0.008" errors="0" timestamp="22 4æœˆ 2020 08:39:56 GMT" skipped="0">
  <testcase classname="org.testing.gacha.TC2" name="testCase1" time="0.008"/>
</testsuite> <!-- org.testing.gacha.TC2 -->
