<?xml version="1.0" encoding="UTF-8"?>
<!-- Generated by org.testng.reporters.JUnitReportReporter -->
<testsuite hostname="localhost" failures="0" tests="1" name="org.testing.gacha.Case.other" time="0.011" errors="0" timestamp="24 4æœˆ 2020 09:09:14 GMT" skipped="0">
  <testcase classname="org.testing.gacha.Case.other" name="testCase1" time="0.011"/>
</testsuite> <!-- org.testing.gacha.Case.other -->
