<?xml version="1.0" encoding="UTF-8"?>
<!-- Generated by org.testng.reporters.JUnitReportReporter -->
<testsuite hostname="localhost" failures="0" tests="2" name="org.testing.gacha.Case.login" time="49.006" errors="0" timestamp="02 6æœˆ 2020 08:26:55 GMT" skipped="0">
  <testcase classname="org.testing.gacha.Case.login" name="plus" time="20.425"/>
  <testcase classname="org.testing.gacha.Case.login" name="login" time="28.581"/>
</testsuite> <!-- org.testing.gacha.Case.login -->
